<?xml version="1.0" ?>
<gbp-test-manifest>
	<project name="gbp-test">
		<branch name="master" orig_name="srcdata/gbp-test/master" revision="b82fd1a61db4221263b2c110f60c6d07cb0203df"/>
		<branch name="upstream" orig_name="srcdata/gbp-test/upstream" revision="6450890aa002b0868537ee50cc1aea177fdcc941"/>
		<branch name="pq/master" orig_name="srcdata/gbp-test/pq/master" revision="972ecde7c94eb00f4d310aa0e3e8f72ed215f591"/>
		<branch name="pristine_tar" orig_name="srcdata/gbp-test/pristine_tar" revision="ee75150c3e9f3dacc1000d7ebc34a833e23b0356"/>
	</project>
	<project name="gbp-test-native2">
		<branch name="master" orig_name="srcdata/gbp-test-native2/master" revision="3da6930adaaef1cf7c67c97244d72a4aaef13f00"/>
	</project>
	<project name="gbp-test-native">
		<branch name="master" orig_name="srcdata/gbp-test-native/master" revision="1b89d1d93044b12e4adc102f7c30feaabc41ba58"/>
	</project>
	<project name="gbp-test2">
		<branch name="master" orig_name="srcdata/gbp-test2/master" revision="9d9a1e4efc5c1a9ba48c7de7bb2f3158a29e40d8"/>
		<branch name="master-orphan" orig_name="srcdata/gbp-test2/master-orphan" revision="97d5c7e811c7b4160142606d1553172ca4567f21"/>
		<branch name="upstream" orig_name="srcdata/gbp-test2/upstream" revision="6dccee0ab7689e5ae446d39535138ea39a88e70c"/>
		<branch name="pristine_tar" orig_name="srcdata/gbp-test2/pristine_tar" revision="75e1ee1d3c0b920491cb9fc827be6de8cd9f0d9f"/>
	</project>
</gbp-test-manifest>
